<?xml version="1.0" encoding="utf-8"?>
<coverage line-rate="0.8251000000000001" branch-rate="0.7712" version="1.9" timestamp="1777427629" lines-covered="505" lines-valid="612" branches-covered="209" branches-valid="271">
  <sources>
    <source>C:\Users\bayba\Desktop\CS2022GradeAssist\src\</source>
  </sources>
  <packages>
    <package name="GradeAssist.Core" line-rate="0.8615" branch-rate="0.8262999999999999" complexity="258">
      <classes>
        <class name="GradeAssist.Core.AssistTuningConfig" filename="GradeAssist.Core\AssistTuningConfig.cs" line-rate="0.8181" branch-rate="0.7272" complexity="29">
          <methods>
            <method name="get_SimOnly" signature="()" line-rate="1" branch-rate="1" complexity="1">
              <lines>
                <line number="4" hits="3" branch="False" />
              </lines>
            </method>
            <method name="get_ControllersLockedByDefault" signature="()" line-rate="1" branch-rate="1" complexity="1">
              <lines>
                <line number="5" hits="1" branch="False" />
              </lines>
            </method>
            <method name="get_MaxOutput" signature="()" line-rate="1" branch-rate="1" complexity="1">
              <lines>
                <line number="6" hits="15" branch="False" />
              </lines>
            </method>
            <method name="get_MaxOutputChangePerSecond" signature="()" line-rate="1" branch-rate="1" complexity="1">
              <lines>
                <line number="7" hits="7" branch="False" />
              </lines>
            </method>
            <method name="get_ManualOverrideThreshold" signature="()" line-rate="1" branch-rate="1" complexity="1">
              <lines>
                <line number="8" hits="7" branch="False" />
              </lines>
            </method>
            <method name="get_WatchdogTimeoutSeconds" signature="()" line-rate="1" branch-rate="1" complexity="1">
              <lines>
                <line number="9" hits="15" branch="False" />
              </lines>
            </method>
            <method name="Validate" signature="()" line-rate="0.7333" branch-rate="0.7272" complexity="22">
              <lines>
                <line number="13" hits="5" branch="True" condition-coverage="50% (1/2)">
                  <conditions>
                    <condition number="11" type="jump" coverage="50%" />
                  </conditions>
                </line>
                <line number="15" hits="0" branch="False" />
                <line number="18" hits="5" branch="True" condition-coverage="100% (4/4)">
                  <conditions>
                    <condition number="44" type="jump" coverage="100%" />
                    <condition number="61" type="jump" coverage="100%" />
                  </conditions>
                </line>
                <line number="20" hits="2" branch="False" />
                <line number="23" hits="3" branch="True" condition-coverage="50% (2/4)">
                  <conditions>
                    <condition number="90" type="jump" coverage="50%" />
                    <condition number="107" type="jump" coverage="50%" />
                  </conditions>
                </line>
                <line number="25" hits="0" branch="False" />
                <line number="28" hits="3" branch="True" condition-coverage="50% (2/4)">
                  <conditions>
                    <condition number="136" type="jump" coverage="50%" />
                    <condition number="153" type="jump" coverage="50%" />
                  </conditions>
                </line>
                <line number="30" hits="0" branch="False" />
                <line number="33" hits="3" branch="True" condition-coverage="50% (1/2)">
                  <conditions>
                    <condition number="182" type="jump" coverage="50%" />
                  </conditions>
                </line>
                <line number="35" hits="0" branch="False" />
                <line number="38" hits="3" branch="True" condition-coverage="100% (4/4)">
                  <conditions>
                    <condition number="215" type="jump" coverage="100%" />
                    <condition number="232" type="jump" coverage="100%" />
                  </conditions>
                </line>
                <line number="40" hits="1" branch="False" />
                <line number="43" hits="2" branch="True" condition-coverage="100% (2/2)">
                  <conditions>
                    <condition number="256" type="jump" coverage="100%" />
                  </conditions>
                </line>
                <line number="45" hits="1" branch="False" />
                <line number="47" hits="1" branch="False" />
              </lines>
            </method>
            <method name=".ctor" signature="(System.Boolean,System.Boolean,System.Double,System.Double,System.Double,System.Double)" line-rate="1" branch-rate="1" complexity="1">
              <lines>
                <line number="3" hits="6" branch="False" />
              </lines>
            </method>
          </methods>
          <lines>
            <line number="4" hits="3" branch="False" />
            <line number="5" hits="1" branch="False" />
            <line number="6" hits="15" branch="False" />
            <line number="7" hits="7" branch="False" />
            <line number="8" hits="7" branch="False" />
            <line number="9" hits="15" branch="False" />
            <line number="13" hits="5" branch="True" condition-coverage="50% (1/2)">
              <conditions>
                <condition number="11" type="jump" coverage="50%" />
              </conditions>
            </line>
            <line number="15" hits="0" branch="False" />
            <line number="18" hits="5" branch="True" condition-coverage="100% (4/4)">
              <conditions>
                <condition number="44" type="jump" coverage="100%" />
                <condition number="61" type="jump" coverage="100%" />
              </conditions>
            </line>
            <line number="20" hits="2" branch="False" />
            <line number="23" hits="3" branch="True" condition-coverage="50% (2/4)">
              <conditions>
                <condition number="90" type="jump" coverage="50%" />
                <condition number="107" type="jump" coverage="50%" />
              </conditions>
            </line>
            <line number="25" hits="0" branch="False" />
            <line number="28" hits="3" branch="True" condition-coverage="50% (2/4)">
              <conditions>
                <condition number="136" type="jump" coverage="50%" />
                <condition number="153" type="jump" coverage="50%" />
              </conditions>
            </line>
            <line number="30" hits="0" branch="False" />
            <line number="33" hits="3" branch="True" condition-coverage="50% (1/2)">
              <conditions>
                <condition number="182" type="jump" coverage="50%" />
              </conditions>
            </line>
            <line number="35" hits="0" branch="False" />
            <line number="38" hits="3" branch="True" condition-coverage="100% (4/4)">
              <conditions>
                <condition number="215" type="jump" coverage="100%" />
                <condition number="232" type="jump" coverage="100%" />
              </conditions>
            </line>
            <line number="40" hits="1" branch="False" />
            <line number="43" hits="2" branch="True" condition-coverage="100% (2/2)">
              <conditions>
                <condition number="256" type="jump" coverage="100%" />
              </conditions>
            </line>
            <line number="45" hits="1" branch="False" />
            <line number="47" hits="1" branch="False" />
            <line number="3" hits="6" branch="False" />
          </lines>
        </class>
        <class name="GradeAssist.Core.ConfigJsonSerializer" filename="GradeAssist.Core\ConfigJsonSerializer.cs" line-rate="1" branch-rate="0.5" complexity="3">
          <methods>
            <method name="Deserialize" signature="(System.String)" line-rate="1" branch-rate="0.5" complexity="2">
              <lines>
                <line number="21" hits="22" branch="True" condition-coverage="50% (1/2)">
                  <conditions>
                    <condition number="18" type="jump" coverage="50%" />
                  </conditions>
                </line>
                <line number="22" hits="22" branch="False" />
              </lines>
            </method>
            <method name=".cctor" signature="()" line-rate="1" branch-rate="1" complexity="1">
              <lines>
                <line number="8" hits="1" branch="False" />
                <line number="9" hits="1" branch="False" />
                <line number="10" hits="1" branch="False" />
                <line number="11" hits="1" branch="False" />
                <line number="12" hits="1" branch="False" />
                <line number="13" hits="1" branch="False" />
                <line number="14" hits="1" branch="False" />
                <line number="15" hits="1" branch="False" />
                <line number="16" hits="1" branch="False" />
                <line number="17" hits="1" branch="False" />
              </lines>
            </method>
          </methods>
          <lines>
            <line number="21" hits="22" branch="True" condition-coverage="50% (1/2)">
              <conditions>
                <condition number="18" type="jump" coverage="50%" />
              </conditions>
            </line>
            <line number="22" hits="22" branch="False" />
            <line number="8" hits="1" branch="False" />
            <line number="9" hits="1" branch="False" />
            <line number="10" hits="1" branch="False" />
            <line number="11" hits="1" branch="False" />
            <line number="12" hits="1" branch="False" />
            <line number="13" hits="1" branch="False" />
            <line number="14" hits="1" branch="False" />
            <line number="15" hits="1" branch="False" />
            <line number="16" hits="1" branch="False" />
            <line number="17" hits="1" branch="False" />
          </lines>
        </class>
        <class name="GradeAssist.Core.ConfigValidator" filename="GradeAssist.Core\ConfigValidator.cs" line-rate="0.6545000000000001" branch-rate="0.5" complexity="8">
          <methods>
            <method name="ValidateGradeTargetJson" signature="(System.String)" line-rate="0.8234999999999999" branch-rate="0.5" complexity="2">
              <lines>
                <line number="11" hits="6" branch="False" />
                <line number="12" hits="4" branch="True" condition-coverage="50% (1/2)">
                  <conditions>
                    <condition number="8" type="jump" coverage="50%" />
                  </conditions>
                </line>
                <line number="14" hits="0" branch="False" />
                <line number="17" hits="4" branch="False" />
                <line number="18" hits="4" branch="False" />
                <line number="19" hits="4" branch="False" />
                <line number="20" hits="4" branch="False" />
                <line number="21" hits="4" branch="False" />
                <line number="22" hits="4" branch="False" />
                <line number="23" hits="1" branch="False" />
                <line number="25" hits="2" branch="False" />
                <line number="27" hits="2" branch="False" />
                <line number="29" hits="3" branch="False" />
                <line number="31" hits="3" branch="False" />
                <line number="33" hits="0" branch="False" />
                <line number="35" hits="0" branch="False" />
                <line number="37" hits="6" branch="False" />
              </lines>
            </method>
            <method name="ValidateMachineJson" signature="(System.String)" line-rate="0.6666" branch-rate="0.5" complexity="2">
              <lines>
                <line number="43" hits="3" branch="False" />
                <line number="44" hits="1" branch="True" condition-coverage="50% (1/2)">
                  <conditions>
                    <condition number="8" type="jump" coverage="50%" />
                  </conditions>
                </line>
                <line number="46" hits="0" branch="False" />
                <line number="49" hits="1" branch="False" />
                <line number="50" hits="0" branch="False" />
                <line number="52" hits="2" branch="False" />
                <line number="54" hits="2" branch="False" />
                <line number="56" hits="1" branch="False" />
                <line number="58" hits="1" branch="False" />
                <line number="60" hits="0" branch="False" />
                <line number="62" hits="0" branch="False" />
                <line number="64" hits="3" branch="False" />
              </lines>
            </method>
            <method name="ValidateSafetyPolicyJson" signature="(System.String)" line-rate="0.5" branch-rate="0.5" complexity="2">
              <lines>
                <line number="70" hits="3" branch="False" />
                <line number="71" hits="3" branch="True" condition-coverage="50% (1/2)">
                  <conditions>
                    <condition number="8" type="jump" coverage="50%" />
                  </conditions>
                </line>
                <line number="73" hits="0" branch="False" />
                <line number="76" hits="3" branch="False" />
                <line number="77" hits="0" branch="False" />
                <line number="79" hits="0" branch="False" />
                <line number="81" hits="0" branch="False" />
                <line number="83" hits="0" branch="False" />
                <line number="85" hits="0" branch="False" />
                <line number="87" hits="3" branch="False" />
                <line number="89" hits="3" branch="False" />
                <line number="91" hits="3" branch="False" />
              </lines>
            </method>
            <method name="ValidateAssistTuningJson" signature="(System.String)" line-rate="0.5714" branch-rate="0.5" complexity="2">
              <lines>
                <line number="97" hits="2" branch="False" />
                <line number="98" hits="2" branch="True" condition-coverage="50% (1/2)">
                  <conditions>
                    <condition number="8" type="jump" coverage="50%" />
                  </conditions>
                </line>
                <line number="100" hits="0" branch="False" />
                <line number="103" hits="2" branch="False" />
                <line number="104" hits="0" branch="False" />
                <line number="106" hits="0" branch="False" />
                <line number="108" hits="0" branch="False" />
                <line number="110" hits="1" branch="False" />
                <line number="112" hits="1" branch="False" />
                <line number="114" hits="0" branch="False" />
                <line number="116" hits="0" branch="False" />
                <line number="118" hits="1" branch="False" />
                <line number="120" hits="1" branch="False" />
                <line number="122" hits="2" branch="False" />
              </lines>
            </method>
          </methods>
          <lines>
            <line number="11" hits="6" branch="False" />
            <line number="12" hits="4" branch="True" condition-coverage="50% (1/2)">
              <conditions>
                <condition number="8" type="jump" coverage="50%" />
              </conditions>
            </line>
            <line number="14" hits="0" branch="False" />
            <line number="17" hits="4" branch="False" />
            <line number="18" hits="4" branch="False" />
            <line number="19" hits="4" branch="False" />
            <line number="20" hits="4" branch="False" />
            <line number="21" hits="4" branch="False" />
            <line number="22" hits="4" branch="False" />
            <line number="23" hits="1" branch="False" />
            <line number="25" hits="2" branch="False" />
            <line number="27" hits="2" branch="False" />
            <line number="29" hits="3" branch="False" />
            <line number="31" hits="3" branch="False" />
            <line number="33" hits="0" branch="False" />
            <line number="35" hits="0" branch="False" />
            <line number="37" hits="6" branch="False" />
            <line number="43" hits="3" branch="False" />
            <line number="44" hits="1" branch="True" condition-coverage="50% (1/2)">
              <conditions>
                <condition number="8" type="jump" coverage="50%" />
              </conditions>
            </line>
            <line number="46" hits="0" branch="False" />
            <line number="49" hits="1" branch="False" />
            <line number="50" hits="0" branch="False" />
            <line number="52" hits="2" branch="False" />
            <line number="54" hits="2" branch="False" />
            <line number="56" hits="1" branch="False" />
            <line number="58" hits="1" branch="False" />
            <line number="60" hits="0" branch="False" />
            <line number="62" hits="0" branch="False" />
            <line number="64" hits="3" branch="False" />
            <line number="70" hits="3" branch="False" />
            <line number="71" hits="3" branch="True" condition-coverage="50% (1/2)">
              <conditions>
                <condition number="8" type="jump" coverage="50%" />
              </conditions>
            </line>
            <line number="73" hits="0" branch="False" />
            <line number="76" hits="3" branch="False" />
            <line number="77" hits="0" branch="False" />
            <line number="79" hits="0" branch="False" />
            <line number="81" hits="0" branch="False" />
            <line number="83" hits="0" branch="False" />
            <line number="85" hits="0" branch="False" />
            <line number="87" hits="3" branch="False" />
            <line number="89" hits="3" branch="False" />
            <line number="91" hits="3" branch="False" />
            <line number="97" hits="2" branch="False" />
            <line number="98" hits="2" branch="True" condition-coverage="50% (1/2)">
              <conditions>
                <condition number="8" type="jump" coverage="50%" />
              </conditions>
            </line>
            <line number="100" hits="0" branch="False" />
            <line number="103" hits="2" branch="False" />
            <line number="104" hits="0" branch="False" />
            <line number="106" hits="0" branch="False" />
            <line number="108" hits="0" branch="False" />
            <line number="110" hits="1" branch="False" />
            <line number="112" hits="1" branch="False" />
            <line number="114" hits="0" branch="False" />
            <line number="116" hits="0" branch="False" />
            <line number="118" hits="1" branch="False" />
            <line number="120" hits="1" branch="False" />
            <line number="122" hits="2" branch="False" />
          </lines>
        </class>
        <class name="GradeAssist.Core.ConfigValidator/GradeTargetSettingsDto" filename="GradeAssist.Core\ConfigValidator.cs" line-rate="0.7142000000000001" branch-rate="1" complexity="7">
          <methods>
            <method name="get_BenchmarkPoint" signature="()" line-rate="0" branch-rate="1" complexity="1">
              <lines>
                <line number="125" hits="0" branch="False" />
              </lines>
            </method>
            <method name="get_GradeDirectionXZ" signature="()" line-rate="0" branch-rate="1" complexity="1">
              <lines>
                <line number="126" hits="0" branch="False" />
              </lines>
            </method>
            <method name="get_TargetCutDepthMeters" signature="()" line-rate="1" branch-rate="1" complexity="1">
              <lines>
                <line number="127" hits="4" branch="False" />
              </lines>
            </method>
            <method name="get_SlopePercent" signature="()" line-rate="1" branch-rate="1" complexity="1">
              <lines>
                <line number="128" hits="4" branch="False" />
              </lines>
            </method>
            <method name="get_CrossSlopePercent" signature="()" line-rate="1" branch-rate="1" complexity="1">
              <lines>
                <line number="129" hits="4" branch="False" />
              </lines>
            </method>
            <method name="get_ToleranceMeters" signature="()" line-rate="1" branch-rate="1" complexity="1">
              <lines>
                <line number="130" hits="8" branch="False" />
              </lines>
            </method>
            <method name=".ctor" signature="(GradeAssist.Core.Vector3D,GradeAssist.Core.Vector3D,System.Double,System.Double,System.Double,System.Double)" line-rate="1" branch-rate="1" complexity="1">
              <lines>
                <line number="124" hits="4" branch="False" />
              </lines>
            </method>
          </methods>
          <lines>
            <line number="125" hits="0" branch="False" />
            <line number="126" hits="0" branch="False" />
            <line number="127" hits="4" branch="False" />
            <line number="128" hits="4" branch="False" />
            <line number="129" hits="4" branch="False" />
            <line number="130" hits="8" branch="False" />
            <line number="124" hits="4" branch="False" />
          </lines>
        </class>
        <class name="GradeAssist.Core.ValidationResult" filename="GradeAssist.Core\ConfigValidator.cs" line-rate="1" branch-rate="1" complexity="3">
          <methods>
            <method name="get_IsValid" signature="()" line-rate="1" branch-rate="1" complexity="1">
              <lines>
                <line number="133" hits="35" branch="False" />
              </lines>
            </method>
            <method name="Ok" signature="()" line-rate="1" branch-rate="1" complexity="1">
              <lines>
                <line number="135" hits="1" branch="False" />
              </lines>
            </method>
            <method name="Fail" signature="(System.String)" line-rate="1" branch-rate="1" complexity="1">
              <lines>
                <line number="136" hits="13" branch="False" />
              </lines>
            </method>
          </methods>
          <lines>
            <line number="133" hits="35" branch="False" />
            <line number="135" hits="1" branch="False" />
            <line number="136" hits="13" branch="False" />
          </lines>
        </class>
        <class name="GradeAssist.Core.GradeError" filename="GradeAssist.Core\GradeError.cs" line-rate="0.8887999999999999" branch-rate="1" complexity="10">
          <methods>
            <method name="get_ReferencePoint" signature="()" line-rate="0" branch-rate="1" complexity="1">
              <lines>
                <line number="4" hits="0" branch="False" />
              </lines>
            </method>
            <method name="get_TargetY" signature="()" line-rate="1" branch-rate="1" complexity="1">
              <lines>
                <line number="5" hits="18" branch="False" />
              </lines>
            </method>
            <method name="get_ErrorMeters" signature="()" line-rate="1" branch-rate="1" complexity="1">
              <lines>
                <line number="6" hits="70" branch="False" />
              </lines>
            </method>
            <method name="get_ToleranceMeters" signature="()" line-rate="1" branch-rate="1" complexity="1">
              <lines>
                <line number="7" hits="66" branch="False" />
              </lines>
            </method>
            <method name="get_Status" signature="()" line-rate="1" branch-rate="1" complexity="6">
              <lines>
                <line number="13" hits="25" branch="True" condition-coverage="100% (2/2)">
                  <conditions>
                    <condition number="15" type="jump" coverage="100%" />
                  </conditions>
                </line>
                <line number="15" hits="1" branch="False" />
                <line number="17" hits="31" branch="True" condition-coverage="100% (2/2)">
                  <conditions>
                    <condition number="40" type="jump" coverage="100%" />
                  </conditions>
                </line>
                <line number="18" hits="24" branch="True" condition-coverage="100% (2/2)">
                  <conditions>
                    <condition number="57" type="jump" coverage="100%" />
                  </conditions>
                </line>
                <line number="19" hits="10" branch="False" />
              </lines>
            </method>
          </methods>
          <lines>
            <line number="4" hits="0" branch="False" />
            <line number="5" hits="18" branch="False" />
            <line number="6" hits="70" branch="False" />
            <line number="7" hits="66" branch="False" />
            <line number="13" hits="25" branch="True" condition-coverage="100% (2/2)">
              <conditions>
                <condition number="15" type="jump" coverage="100%" />
              </conditions>
            </line>
            <line number="15" hits="1" branch="False" />
            <line number="17" hits="31" branch="True" condition-coverage="100% (2/2)">
              <conditions>
                <condition number="40" type="jump" coverage="100%" />
              </conditions>
            </line>
            <line number="18" hits="24" branch="True" condition-coverage="100% (2/2)">
              <conditions>
                <condition number="57" type="jump" coverage="100%" />
              </conditions>
            </line>
            <line number="19" hits="10" branch="False" />
          </lines>
        </class>
        <class name="GradeAssist.Core.GradePlane" filename="GradeAssist.Core\GradePlane.cs" line-rate="1" branch-rate="1" complexity="6">
          <methods>
            <method name="get_BenchmarkPoint" signature="()" line-rate="1" branch-rate="1" complexity="1">
              <lines>
                <line number="5" hits="80" branch="False" />
              </lines>
            </method>
            <method name="get_GradeDirectionXZ" signature="()" line-rate="1" branch-rate="1" complexity="1">
              <lines>
                <line number="6" hits="40" branch="False" />
              </lines>
            </method>
            <method name="get_Settings" signature="()" line-rate="1" branch-rate="1" complexity="1">
              <lines>
                <line number="7" hits="149" branch="False" />
              </lines>
            </method>
            <method name="HeightAt" signature="(GradeAssist.Core.Vector3D)" line-rate="1" branch-rate="1" complexity="1">
              <lines>
                <line number="19" hits="40" branch="False" />
                <line number="20" hits="40" branch="False" />
                <line number="21" hits="40" branch="False" />
                <line number="23" hits="40" branch="False" />
                <line number="24" hits="40" branch="False" />
                <line number="26" hits="40" branch="False" />
                <line number="27" hits="40" branch="False" />
                <line number="28" hits="40" branch="False" />
                <line number="29" hits="40" branch="False" />
              </lines>
            </method>
            <method name="ComputeError" signature="(GradeAssist.Core.Vector3D)" line-rate="1" branch-rate="1" complexity="1">
              <lines>
                <line number="34" hits="29" branch="False" />
                <line number="35" hits="29" branch="False" />
                <line number="36" hits="29" branch="False" />
              </lines>
            </method>
            <method name=".ctor" signature="(GradeAssist.Core.Vector3D,GradeAssist.Core.Vector3D,GradeAssist.Core.GradeTargetSettings)" line-rate="1" branch-rate="1" complexity="1">
              <lines>
                <line number="9" hits="37" branch="False" />
                <line number="11" hits="37" branch="False" />
                <line number="12" hits="31" branch="False" />
                <line number="13" hits="31" branch="False" />
                <line number="14" hits="31" branch="False" />
                <line number="15" hits="31" branch="False" />
              </lines>
            </method>
          </methods>
          <lines>
            <line number="5" hits="80" branch="False" />
            <line number="6" hits="40" branch="False" />
            <line number="7" hits="149" branch="False" />
            <line number="19" hits="40" branch="False" />
            <line number="20" hits="40" branch="False" />
            <line number="21" hits="40" branch="False" />
            <line number="23" hits="40" branch="False" />
            <line number="24" hits="40" branch="False" />
            <line number="26" hits="40" branch="False" />
            <line number="27" hits="40" branch="False" />
            <line number="28" hits="40" branch="False" />
            <line number="29" hits="40" branch="False" />
            <line number="34" hits="29" branch="False" />
            <line number="35" hits="29" branch="False" />
            <line number="36" hits="29" branch="False" />
            <line number="9" hits="37" branch="False" />
            <line number="11" hits="37" branch="False" />
            <line number="12" hits="31" branch="False" />
            <line number="13" hits="31" branch="False" />
            <line number="14" hits="31" branch="False" />
            <line number="15" hits="31" branch="False" />
          </lines>
        </class>
        <class name="GradeAssist.Core.GradeTargetSettings" filename="GradeAssist.Core\GradeTargetSettings.cs" line-rate="0.9166" branch-rate="0.875" complexity="23">
          <methods>
            <method name="get_TargetCutDepthMeters" signature="()" line-rate="1" branch-rate="1" complexity="1">
              <lines>
                <line number="4" hits="120" branch="False" />
              </lines>
            </method>
            <method name="get_SlopePercent" signature="()" line-rate="1" branch-rate="1" complexity="1">
              <lines>
                <line number="5" hits="115" branch="False" />
              </lines>
            </method>
            <method name="get_CrossSlopePercent" signature="()" line-rate="1" branch-rate="1" complexity="1">
              <lines>
                <line number="6" hits="112" branch="False" />
              </lines>
            </method>
            <method name="get_ToleranceMeters" signature="()" line-rate="1" branch-rate="1" complexity="1">
              <lines>
                <line number="7" hits="146" branch="False" />
              </lines>
            </method>
            <method name="get_SlopeDecimal" signature="()" line-rate="1" branch-rate="1" complexity="1">
              <lines>
                <line number="9" hits="40" branch="False" />
              </lines>
            </method>
            <method name="get_CrossSlopeDecimal" signature="()" line-rate="1" branch-rate="1" complexity="1">
              <lines>
                <line number="10" hits="40" branch="False" />
              </lines>
            </method>
            <method name="Validate" signature="()" line-rate="0.8823000000000001" branch-rate="0.875" complexity="16">
              <lines>
                <line number="14" hits="41" branch="True" condition-coverage="100% (2/2)">
                  <conditions>
                    <condition number="11" type="jump" coverage="100%" />
                  </conditions>
                </line>
                <line number="16" hits="1" branch="False" />
                <line number="18" hits="40" branch="True" condition-coverage="100% (2/2)">
                  <conditions>
                    <condition number="40" type="jump" coverage="100%" />
                  </conditions>
                </line>
                <line number="20" hits="1" branch="False" />
                <line number="22" hits="39" branch="True" condition-coverage="50% (1/2)">
                  <conditions>
                    <condition number="69" type="jump" coverage="50%" />
                  </conditions>
                </line>
                <line number="24" hits="0" branch="False" />
                <line number="26" hits="39" branch="True" condition-coverage="50% (1/2)">
                  <conditions>
                    <condition number="98" type="jump" coverage="50%" />
                  </conditions>
                </line>
                <line number="28" hits="0" branch="False" />
                <line number="30" hits="39" branch="True" condition-coverage="100% (2/2)">
                  <conditions>
                    <condition number="131" type="jump" coverage="100%" />
                  </conditions>
                </line>
                <line number="32" hits="2" branch="False" />
                <line number="34" hits="37" branch="True" condition-coverage="100% (2/2)">
                  <conditions>
                    <condition number="164" type="jump" coverage="100%" />
                  </conditions>
                </line>
                <line number="36" hits="2" branch="False" />
                <line number="38" hits="35" branch="True" condition-coverage="100% (2/2)">
                  <conditions>
                    <condition number="202" type="jump" coverage="100%" />
                  </conditions>
                </line>
                <line number="40" hits="2" branch="False" />
                <line number="42" hits="33" branch="True" condition-coverage="100% (2/2)">
                  <conditions>
                    <condition number="240" type="jump" coverage="100%" />
                  </conditions>
                </line>
                <line number="44" hits="1" branch="False" />
                <line number="46" hits="32" branch="False" />
              </lines>
            </method>
            <method name=".ctor" signature="(System.Double,System.Double,System.Double,System.Double)" line-rate="1" branch-rate="1" complexity="1">
              <lines>
                <line number="3" hits="41" branch="False" />
              </lines>
            </method>
          </methods>
          <lines>
            <line number="4" hits="120" branch="False" />
            <line number="5" hits="115" branch="False" />
            <line number="6" hits="112" branch="False" />
            <line number="7" hits="146" branch="False" />
            <line number="9" hits="40" branch="False" />
            <line number="10" hits="40" branch="False" />
            <line number="14" hits="41" branch="True" condition-coverage="100% (2/2)">
              <conditions>
                <condition number="11" type="jump" coverage="100%" />
              </conditions>
            </line>
            <line number="16" hits="1" branch="False" />
            <line number="18" hits="40" branch="True" condition-coverage="100% (2/2)">
              <conditions>
                <condition number="40" type="jump" coverage="100%" />
              </conditions>
            </line>
            <line number="20" hits="1" branch="False" />
            <line number="22" hits="39" branch="True" condition-coverage="50% (1/2)">
              <conditions>
                <condition number="69" type="jump" coverage="50%" />
              </conditions>
            </line>
            <line number="24" hits="0" branch="False" />
            <line number="26" hits="39" branch="True" condition-coverage="50% (1/2)">
              <conditions>
                <condition number="98" type="jump" coverage="50%" />
              </conditions>
            </line>
            <line number="28" hits="0" branch="False" />
            <line number="30" hits="39" branch="True" condition-coverage="100% (2/2)">
              <conditions>
                <condition number="131" type="jump" coverage="100%" />
              </conditions>
            </line>
            <line number="32" hits="2" branch="False" />
            <line number="34" hits="37" branch="True" condition-coverage="100% (2/2)">
              <conditions>
                <condition number="164" type="jump" coverage="100%" />
              </conditions>
            </line>
            <line number="36" hits="2" branch="False" />
            <line number="38" hits="35" branch="True" condition-coverage="100% (2/2)">
              <conditions>
                <condition number="202" type="jump" coverage="100%" />
              </conditions>
            </line>
            <line number="40" hits="2" branch="False" />
            <line number="42" hits="33" branch="True" condition-coverage="100% (2/2)">
              <conditions>
                <condition number="240" type="jump" coverage="100%" />
              </conditions>
            </line>
            <line number="44" hits="1" branch="False" />
            <line number="46" hits="32" branch="False" />
            <line number="3" hits="41" branch="False" />
          </lines>
        </class>
        <class name="GradeAssist.Core.MachineConfig" filename="GradeAssist.Core\MachineConfig.cs" line-rate="0.9411" branch-rate="0.9166" complexity="18">
          <methods>
            <method name="get_MachineId" signature="()" line-rate="1" branch-rate="1" complexity="1">
              <lines>
                <line number="4" hits="15" branch="False" />
              </lines>
            </method>
            <method name="get_DisplayName" signature="()" line-rate="1" branch-rate="1" complexity="1">
              <lines>
                <line number="5" hits="10" branch="False" />
              </lines>
            </method>
            <method name="get_CuttingEdgeReferencePath" signature="()" line-rate="1" branch-rate="1" complexity="1">
              <lines>
                <line number="6" hits="4" branch="False" />
              </lines>
            </method>
            <method name="get_MonitorMountPath" signature="()" line-rate="1" branch-rate="1" complexity="1">
              <lines>
                <line number="7" hits="2" branch="False" />
              </lines>
            </method>
            <method name="get_Notes" signature="()" line-rate="1" branch-rate="1" complexity="1">
              <lines>
                <line number="8" hits="10" branch="False" />
              </lines>
            </method>
            <method name="Validate" signature="()" line-rate="0.909" branch-rate="0.9166" complexity="12">
              <lines>
                <line number="12" hits="7" branch="True" condition-coverage="100% (2/2)">
                  <conditions>
                    <condition number="11" type="jump" coverage="100%" />
                  </conditions>
                </line>
                <line number="14" hits="1" branch="False" />
                <line number="17" hits="6" branch="True" condition-coverage="100% (2/2)">
                  <conditions>
                    <condition number="40" type="jump" coverage="100%" />
                  </conditions>
                </line>
                <line number="19" hits="2" branch="False" />
                <line number="22" hits="4" branch="True" condition-coverage="100% (2/2)">
                  <conditions>
                    <condition number="71" type="jump" coverage="100%" />
                  </conditions>
                </line>
                <line number="24" hits="1" branch="False" />
                <line number="27" hits="3" branch="True" condition-coverage="50% (1/2)">
                  <conditions>
                    <condition number="105" type="jump" coverage="50%" />
                  </conditions>
                </line>
                <line number="29" hits="0" branch="False" />
                <line number="32" hits="32" branch="True" condition-coverage="100% (4/4)">
                  <conditions>
                    <condition number="165" type="jump" coverage="100%" />
                    <condition number="6" type="jump" coverage="100%" />
                  </conditions>
                </line>
                <line number="34" hits="1" branch="False" />
                <line number="36" hits="2" branch="False" />
              </lines>
            </method>
            <method name=".ctor" signature="(System.String,System.String,System.String,System.String,System.String)" line-rate="1" branch-rate="1" complexity="1">
              <lines>
                <line number="3" hits="9" branch="False" />
              </lines>
            </method>
          </methods>
          <lines>
            <line number="4" hits="15" branch="False" />
            <line number="5" hits="10" branch="False" />
            <line number="6" hits="4" branch="False" />
            <line number="7" hits="2" branch="False" />
            <line number="8" hits="10" branch="False" />
            <line number="12" hits="7" branch="True" condition-coverage="100% (2/2)">
              <conditions>
                <condition number="11" type="jump" coverage="100%" />
              </conditions>
            </line>
            <line number="14" hits="1" branch="False" />
            <line number="17" hits="6" branch="True" condition-coverage="100% (2/2)">
              <conditions>
                <condition number="40" type="jump" coverage="100%" />
              </conditions>
            </line>
            <line number="19" hits="2" branch="False" />
            <line number="22" hits="4" branch="True" condition-coverage="100% (2/2)">
              <conditions>
                <condition number="71" type="jump" coverage="100%" />
              </conditions>
            </line>
            <line number="24" hits="1" branch="False" />
            <line number="27" hits="3" branch="True" condition-coverage="50% (1/2)">
              <conditions>
                <condition number="105" type="jump" coverage="50%" />
              </conditions>
            </line>
            <line number="29" hits="0" branch="False" />
            <line number="32" hits="32" branch="True" condition-coverage="100% (4/4)">
              <conditions>
                <condition number="165" type="jump" coverage="100%" />
                <condition number="6" type="jump" coverage="100%" />
              </conditions>
            </line>
            <line number="34" hits="1" branch="False" />
            <line number="36" hits="2" branch="False" />
            <line number="3" hits="9" branch="False" />
          </lines>
        </class>
        <class name="GradeAssist.Core.SafetyPolicyConfig" filename="GradeAssist.Core\SafetyPolicyConfig.cs" line-rate="1" branch-rate="1" complexity="24">
          <methods>
            <method name="get_GameFolderWritesAllowed" signature="()" line-rate="1" branch-rate="1" complexity="1">
              <lines>
                <line number="4" hits="7" branch="False" />
              </lines>
            </method>
            <method name="get_RuntimeInjectionAllowed" signature="()" line-rate="1" branch-rate="1" complexity="1">
              <lines>
                <line number="5" hits="6" branch="False" />
              </lines>
            </method>
            <method name="get_AntiTamperBypassAllowed" signature="()" line-rate="1" branch-rate="1" complexity="1">
              <lines>
                <line number="6" hits="5" branch="False" />
              </lines>
            </method>
            <method name="get_ProhibitedPaths" signature="()" line-rate="1" branch-rate="1" complexity="1">
              <lines>
                <line number="7" hits="7" branch="False" />
              </lines>
            </method>
            <method name="get_ProhibitedTerms" signature="()" line-rate="1" branch-rate="1" complexity="1">
              <lines>
                <line number="8" hits="11" branch="False" />
              </lines>
            </method>
            <method name="Validate" signature="()" line-rate="1" branch-rate="1" complexity="18">
              <lines>
                <line number="12" hits="6" branch="True" condition-coverage="100% (2/2)">
                  <conditions>
                    <condition number="6" type="jump" coverage="100%" />
                  </conditions>
                </line>
                <line number="14" hits="1" branch="False" />
                <line number="17" hits="5" branch="True" condition-coverage="100% (2/2)">
                  <conditions>
                    <condition number="25" type="jump" coverage="100%" />
                  </conditions>
                </line>
                <line number="19" hits="1" branch="False" />
                <line number="22" hits="4" branch="True" condition-coverage="100% (2/2)">
                  <conditions>
                    <condition number="44" type="jump" coverage="100%" />
                  </conditions>
                </line>
                <line number="24" hits="1" branch="False" />
                <line number="27" hits="3" branch="True" condition-coverage="100% (2/2)">
                  <conditions>
                    <condition number="63" type="jump" coverage="100%" />
                  </conditions>
                </line>
                <line number="29" hits="11" branch="True" condition-coverage="100% (2/2)">
                  <conditions>
                    <condition number="109" type="jump" coverage="100%" />
                  </conditions>
                </line>
                <line number="31" hits="3" branch="True" condition-coverage="100% (2/2)">
                  <conditions>
                    <condition number="90" type="jump" coverage="100%" />
                  </conditions>
                </line>
                <line number="33" hits="1" branch="False" />
                <line number="38" hits="2" branch="True" condition-coverage="100% (2/2)">
                  <conditions>
                    <condition number="129" type="jump" coverage="100%" />
                  </conditions>
                </line>
                <line number="40" hits="7" branch="True" condition-coverage="100% (2/2)">
                  <conditions>
                    <condition number="175" type="jump" coverage="100%" />
                  </conditions>
                </line>
                <line number="42" hits="2" branch="True" condition-coverage="100% (2/2)">
                  <conditions>
                    <condition number="156" type="jump" coverage="100%" />
                  </conditions>
                </line>
                <line number="44" hits="1" branch="False" />
                <line number="48" hits="1" branch="False" />
              </lines>
            </method>
            <method name=".ctor" signature="(System.Boolean,System.Boolean,System.Boolean,System.Collections.Generic.IReadOnlyList`1&lt;System.String&gt;,System.Collections.Generic.IReadOnlyList`1&lt;System.String&gt;)" line-rate="1" branch-rate="1" complexity="1">
              <lines>
                <line number="3" hits="7" branch="False" />
              </lines>
            </method>
          </methods>
          <lines>
            <line number="4" hits="7" branch="False" />
            <line number="5" hits="6" branch="False" />
            <line number="6" hits="5" branch="False" />
            <line number="7" hits="7" branch="False" />
            <line number="8" hits="11" branch="False" />
            <line number="12" hits="6" branch="True" condition-coverage="100% (2/2)">
              <conditions>
                <condition number="6" type="jump" coverage="100%" />
              </conditions>
            </line>
            <line number="14" hits="1" branch="False" />
            <line number="17" hits="5" branch="True" condition-coverage="100% (2/2)">
              <conditions>
                <condition number="25" type="jump" coverage="100%" />
              </conditions>
            </line>
            <line number="19" hits="1" branch="False" />
            <line number="22" hits="4" branch="True" condition-coverage="100% (2/2)">
              <conditions>
                <condition number="44" type="jump" coverage="100%" />
              </conditions>
            </line>
            <line number="24" hits="1" branch="False" />
            <line number="27" hits="3" branch="True" condition-coverage="100% (2/2)">
              <conditions>
                <condition number="63" type="jump" coverage="100%" />
              </conditions>
            </line>
            <line number="29" hits="11" branch="True" condition-coverage="100% (2/2)">
              <conditions>
                <condition number="109" type="jump" coverage="100%" />
              </conditions>
            </line>
            <line number="31" hits="3" branch="True" condition-coverage="100% (2/2)">
              <conditions>
                <condition number="90" type="jump" coverage="100%" />
              </conditions>
            </line>
            <line number="33" hits="1" branch="False" />
            <line number="38" hits="2" branch="True" condition-coverage="100% (2/2)">
              <conditions>
                <condition number="129" type="jump" coverage="100%" />
              </conditions>
            </line>
            <line number="40" hits="7" branch="True" condition-coverage="100% (2/2)">
              <conditions>
                <condition number="175" type="jump" coverage="100%" />
              </conditions>
            </line>
            <line number="42" hits="2" branch="True" condition-coverage="100% (2/2)">
              <conditions>
                <condition number="156" type="jump" coverage="100%" />
              </conditions>
            </line>
            <line number="44" hits="1" branch="False" />
            <line number="48" hits="1" branch="False" />
            <line number="3" hits="7" branch="False" />
          </lines>
        </class>
        <class name="GradeAssist.Core.Vector3D" filename="GradeAssist.Core\Vector3D.cs" line-rate="0.8571" branch-rate="1" complexity="13">
          <methods>
            <method name="get_X" signature="()" line-rate="1" branch-rate="1" complexity="1">
              <lines>
                <line number="3" hits="1256" branch="False" />
              </lines>
            </method>
            <method name="op_Addition" signature="(GradeAssist.Core.Vector3D,GradeAssist.Core.Vector3D)" line-rate="0" branch-rate="1" complexity="1">
              <lines>
                <line number="8" hits="0" branch="False" />
              </lines>
            </method>
            <method name="op_Subtraction" signature="(GradeAssist.Core.Vector3D,GradeAssist.Core.Vector3D)" line-rate="1" branch-rate="1" complexity="1">
              <lines>
                <line number="9" hits="40" branch="False" />
              </lines>
            </method>
            <method name="op_Multiply" signature="(GradeAssist.Core.Vector3D,System.Double)" line-rate="0" branch-rate="1" complexity="1">
              <lines>
                <line number="10" hits="0" branch="False" />
              </lines>
            </method>
            <method name="Dot" signature="(GradeAssist.Core.Vector3D)" line-rate="1" branch-rate="1" complexity="1">
              <lines>
                <line number="12" hits="80" branch="False" />
              </lines>
            </method>
            <method name="FlattenXZ" signature="()" line-rate="1" branch-rate="1" complexity="1">
              <lines>
                <line number="14" hits="31" branch="False" />
              </lines>
            </method>
            <method name="get_MagnitudeSquared" signature="()" line-rate="1" branch-rate="1" complexity="1">
              <lines>
                <line number="16" hits="32" branch="False" />
              </lines>
            </method>
            <method name="get_Magnitude" signature="()" line-rate="1" branch-rate="1" complexity="1">
              <lines>
                <line number="18" hits="32" branch="False" />
              </lines>
            </method>
            <method name="NormalizeOr" signature="(GradeAssist.Core.Vector3D)" line-rate="1" branch-rate="1" complexity="4">
              <lines>
                <line number="22" hits="32" branch="False" />
                <line number="23" hits="32" branch="True" condition-coverage="100% (4/4)">
                  <conditions>
                    <condition number="13" type="jump" coverage="100%" />
                    <condition number="25" type="jump" coverage="100%" />
                  </conditions>
                </line>
                <line number="25" hits="2" branch="False" />
                <line number="27" hits="30" branch="False" />
              </lines>
            </method>
            <method name=".cctor" signature="()" line-rate="1" branch-rate="1" complexity="1">
              <lines>
                <line number="5" hits="1" branch="False" />
                <line number="6" hits="1" branch="False" />
              </lines>
            </method>
          </methods>
          <lines>
            <line number="3" hits="1256" branch="False" />
            <line number="8" hits="0" branch="False" />
            <line number="9" hits="40" branch="False" />
            <line number="10" hits="0" branch="False" />
            <line number="12" hits="80" branch="False" />
            <line number="14" hits="31" branch="False" />
            <line number="16" hits="32" branch="False" />
            <line number="18" hits="32" branch="False" />
            <line number="22" hits="32" branch="False" />
            <line number="23" hits="32" branch="True" condition-coverage="100% (4/4)">
              <conditions>
                <condition number="13" type="jump" coverage="100%" />
                <condition number="25" type="jump" coverage="100%" />
              </conditions>
            </line>
            <line number="25" hits="2" branch="False" />
            <line number="27" hits="30" branch="False" />
            <line number="5" hits="1" branch="False" />
            <line number="6" hits="1" branch="False" />
          </lines>
        </class>
        <class name="GradeAssist.Core.Controllers.ControllerMockState" filename="GradeAssist.Core\Controllers\ControllerMockState.cs" line-rate="1" branch-rate="1" complexity="17">
          <methods>
            <method name="get_CurrentTime" signature="()" line-rate="1" branch-rate="1" complexity="1">
              <lines>
                <line number="5" hits="95" branch="False" />
              </lines>
            </method>
            <method name="get_LastTelemetryTimestamp" signature="()" line-rate="1" branch-rate="1" complexity="1">
              <lines>
                <line number="6" hits="95" branch="False" />
              </lines>
            </method>
            <method name="get_BucketPosition" signature="()" line-rate="1" branch-rate="1" complexity="1">
              <lines>
                <line number="7" hits="44" branch="False" />
              </lines>
            </method>
            <method name="get_ManualInputMagnitude" signature="()" line-rate="1" branch-rate="1" complexity="1">
              <lines>
                <line number="8" hits="68" branch="False" />
              </lines>
            </method>
            <method name="get_Enabled" signature="()" line-rate="1" branch-rate="1" complexity="1">
              <lines>
                <line number="9" hits="151" branch="False" />
              </lines>
            </method>
            <method name="get_Armed" signature="()" line-rate="1" branch-rate="1" complexity="1">
              <lines>
                <line number="10" hits="121" branch="False" />
              </lines>
            </method>
            <method name="get_Active" signature="()" line-rate="1" branch-rate="1" complexity="1">
              <lines>
                <line number="11" hits="95" branch="False" />
              </lines>
            </method>
            <method name="get_EmergencyDisable" signature="()" line-rate="1" branch-rate="1" complexity="1">
              <lines>
                <line number="12" hits="75" branch="False" />
              </lines>
            </method>
            <method name="get_Reset" signature="()" line-rate="1" branch-rate="1" complexity="1">
              <lines>
                <line number="13" hits="65" branch="False" />
              </lines>
            </method>
            <method name="get_ConfigValid" signature="()" line-rate="1" branch-rate="1" complexity="1">
              <lines>
                <line number="14" hits="94" branch="False" />
              </lines>
            </method>
            <method name="get_GradePlane" signature="()" line-rate="1" branch-rate="1" complexity="1">
              <lines>
                <line number="16" hits="29" branch="False" />
              </lines>
            </method>
            <method name="get_SwingAngleDegrees" signature="()" line-rate="1" branch-rate="1" complexity="1">
              <lines>
                <line number="17" hits="3" branch="False" />
              </lines>
            </method>
            <method name="get_SwingCenter" signature="()" line-rate="1" branch-rate="1" complexity="1">
              <lines>
                <line number="18" hits="3" branch="False" />
              </lines>
            </method>
            <method name="get_SwingRadius" signature="()" line-rate="1" branch-rate="1" complexity="1">
              <lines>
                <line number="19" hits="3" branch="False" />
              </lines>
            </method>
            <method name="get_FenceCenter" signature="()" line-rate="1" branch-rate="1" complexity="1">
              <lines>
                <line number="20" hits="6" branch="False" />
              </lines>
            </method>
            <method name="get_FenceRadius" signature="()" line-rate="1" branch-rate="1" complexity="1">
              <lines>
                <line number="21" hits="6" branch="False" />
              </lines>
            </method>
            <method name="get_BucketTargetDepth" signature="()" line-rate="1" branch-rate="1" complexity="1">
              <lines>
                <line number="22" hits="3" branch="False" />
              </lines>
            </method>
          </methods>
          <lines>
            <line number="5" hits="95" branch="False" />
            <line number="6" hits="95" branch="False" />
            <line number="7" hits="44" branch="False" />
            <line number="8" hits="68" branch="False" />
            <line number="9" hits="151" branch="False" />
            <line number="10" hits="121" branch="False" />
            <line number="11" hits="95" branch="False" />
            <line number="12" hits="75" branch="False" />
            <line number="13" hits="65" branch="False" />
            <line number="14" hits="94" branch="False" />
            <line number="16" hits="29" branch="False" />
            <line number="17" hits="3" branch="False" />
            <line number="18" hits="3" branch="False" />
            <line number="19" hits="3" branch="False" />
            <line number="20" hits="6" branch="False" />
            <line number="21" hits="6" branch="False" />
            <line number="22" hits="3" branch="False" />
          </lines>
        </class>
        <class name="GradeAssist.Core.Controllers.ControllerOutput" filename="GradeAssist.Core\Controllers\ControllerOutput.cs" line-rate="1" branch-rate="1" complexity="2">
          <methods>
            <method name="get_Value" signature="()" line-rate="1" branch-rate="1" complexity="1">
              <lines>
                <line number="3" hits="108" branch="False" />
              </lines>
            </method>
            <method name=".cctor" signature="()" line-rate="1" branch-rate="1" complexity="1">
              <lines>
                <line number="5" hits="1" branch="False" />
              </lines>
            </method>
          </methods>
          <lines>
            <line number="3" hits="108" branch="False" />
            <line number="5" hits="1" branch="False" />
          </lines>
        </class>
        <class name="GradeAssist.Core.Controllers.SimulatedAssistController" filename="GradeAssist.Core\Controllers\SimulatedAssistController.cs" line-rate="0.8409" branch-rate="0.8946999999999999" complexity="68">
          <methods>
            <method name="get_State" signature="()" line-rate="1" branch-rate="1" complexity="1">
              <lines>
                <line number="5" hits="372" branch="False" />
              </lines>
            </method>
            <method name="get_LastOutput" signature="()" line-rate="1" branch-rate="1" complexity="1">
              <lines>
                <line number="6" hits="155" branch="False" />
              </lines>
            </method>
            <method name="get_OutputClampMin" signature="()" line-rate="1" branch-rate="1" complexity="1">
              <lines>
                <line number="8" hits="63" branch="False" />
              </lines>
            </method>
            <method name="get_OutputClampMax" signature="()" line-rate="1" branch-rate="1" complexity="1">
              <lines>
                <line number="9" hits="63" branch="False" />
              </lines>
            </method>
            <method name="get_RateLimitPerTick" signature="()" line-rate="1" branch-rate="1" complexity="1">
              <lines>
                <line number="10" hits="66" branch="False" />
              </lines>
            </method>
            <method name="get_ManualOverrideThreshold" signature="()" line-rate="1" branch-rate="1" complexity="1">
              <lines>
                <line number="11" hits="72" branch="False" />
              </lines>
            </method>
            <method name="get_WatchdogTimeoutMs" signature="()" line-rate="1" branch-rate="1" complexity="1">
              <lines>
                <line number="12" hits="76" branch="False" />
              </lines>
            </method>
            <method name="get_IsFaulted" signature="()" line-rate="0" branch-rate="1" complexity="1">
              <lines>
                <line number="14" hits="0" branch="False" />
              </lines>
            </method>
            <method name="get_IsOverridden" signature="()" line-rate="0" branch-rate="1" complexity="1">
              <lines>
                <line number="15" hits="0" branch="False" />
              </lines>
            </method>
            <method name="get_IsActive" signature="()" line-rate="0" branch-rate="1" complexity="1">
              <lines>
                <line number="16" hits="0" branch="False" />
              </lines>
            </method>
            <method name="Update" signature="(GradeAssist.Core.Controllers.ControllerMockState)" line-rate="1" branch-rate="1" complexity="1">
              <lines>
                <line number="22" hits="44" branch="False" />
                <line number="23" hits="43" branch="False" />
                <line number="24" hits="43" branch="False" />
                <line number="26" hits="1" branch="False" />
                <line number="28" hits="1" branch="False" />
                <line number="29" hits="1" branch="False" />
                <line number="30" hits="1" branch="False" />
                <line number="31" hits="1" branch="False" />
                <line number="33" hits="44" branch="False" />
              </lines>
            </method>
            <method name="UpdateInternal" signature="(GradeAssist.Core.Controllers.ControllerMockState)" line-rate="1" branch-rate="1" complexity="24">
              <lines>
                <line number="37" hits="44" branch="True" condition-coverage="100% (2/2)">
                  <conditions>
                    <condition number="6" type="jump" coverage="100%" />
                  </conditions>
                </line>
                <line number="39" hits="3" branch="False" />
                <line number="40" hits="3" branch="False" />
                <line number="43" hits="41" branch="True" condition-coverage="100% (2/2)">
                  <conditions>
                    <condition number="37" type="jump" coverage="100%" />
                  </conditions>
                </line>
                <line number="45" hits="1" branch="False" />
                <line number="46" hits="1" branch="False" />
                <line number="49" hits="40" branch="False" />
                <line number="50" hits="40" branch="True" condition-coverage="100% (2/2)">
                  <conditions>
                    <condition number="93" type="jump" coverage="100%" />
                  </conditions>
                </line>
                <line number="52" hits="2" branch="False" />
                <line number="53" hits="2" branch="False" />
                <line number="56" hits="38" branch="True" condition-coverage="100% (4/4)">
                  <conditions>
                    <condition number="124" type="jump" coverage="100%" />
                    <condition number="133" type="jump" coverage="100%" />
                  </conditions>
                </line>
                <line number="58" hits="1" branch="False" />
                <line number="59" hits="1" branch="False" />
                <line number="62" hits="37" branch="True" condition-coverage="100% (2/2)">
                  <conditions>
                    <condition number="170" type="jump" coverage="100%" />
                  </conditions>
                </line>
                <line number="64" hits="3" branch="True" condition-coverage="100% (2/2)">
                  <conditions>
                    <condition number="179" type="jump" coverage="100%" />
                  </conditions>
                </line>
                <line number="66" hits="3" branch="False" />
                <line number="68" hits="3" branch="False" />
                <line number="71" hits="34" branch="True" condition-coverage="100% (4/4)">
                  <conditions>
                    <condition number="216" type="jump" coverage="100%" />
                    <condition number="230" type="jump" coverage="100%" />
                  </conditions>
                </line>
                <line number="73" hits="1" branch="False" />
                <line number="76" hits="34" branch="False" />
                <line number="78" hits="34" branch="True" condition-coverage="100% (6/6)">
                  <conditions>
                    <condition number="252" type="jump" coverage="100%" />
                    <condition number="261" type="jump" coverage="100%" />
                    <condition number="270" type="jump" coverage="100%" />
                  </conditions>
                </line>
                <line number="80" hits="8" branch="False" />
                <line number="83" hits="26" branch="False" />
                <line number="84" hits="25" branch="False" />
                <line number="85" hits="25" branch="False" />
                <line number="87" hits="25" branch="False" />
              </lines>
            </method>
            <method name="RunStateMachine" signature="(GradeAssist.Core.Controllers.ControllerMockState)" line-rate="0.7058" branch-rate="0.8" complexity="25">
              <lines>
                <line number="95" hits="100" branch="False" />
                <line number="96" hits="100" branch="True" condition-coverage="100% (5/5)">
                  <conditions>
                    <condition number="10" type="switch" coverage="100%" />
                  </conditions>
                </line>
                <line number="99" hits="27" branch="True" condition-coverage="100% (2/2)">
                  <conditions>
                    <condition number="42" type="jump" coverage="100%" />
                  </conditions>
                </line>
                <line number="101" hits="23" branch="False" />
                <line number="102" hits="23" branch="False" />
                <line number="104" hits="23" branch="False" />
                <line number="107" hits="24" branch="True" condition-coverage="50% (1/2)">
                  <conditions>
                    <condition number="67" type="jump" coverage="50%" />
                  </conditions>
                </line>
                <line number="109" hits="0" branch="False" />
                <line number="110" hits="0" branch="False" />
                <line number="112" hits="24" branch="True" condition-coverage="100% (2/2)">
                  <conditions>
                    <condition number="89" type="jump" coverage="100%" />
                  </conditions>
                </line>
                <line number="114" hits="21" branch="False" />
                <line number="115" hits="21" branch="False" />
                <line number="117" hits="21" branch="False" />
                <line number="120" hits="23" branch="True" condition-coverage="50% (1/2)">
                  <conditions>
                    <condition number="108" type="jump" coverage="50%" />
                  </conditions>
                </line>
                <line number="122" hits="0" branch="False" />
                <line number="123" hits="0" branch="False" />
                <line number="125" hits="23" branch="True" condition-coverage="50% (1/2)">
                  <conditions>
                    <condition number="127" type="jump" coverage="50%" />
                  </conditions>
                </line>
                <line number="127" hits="0" branch="False" />
                <line number="128" hits="0" branch="False" />
                <line number="130" hits="23" branch="True" condition-coverage="100% (2/2)">
                  <conditions>
                    <condition number="146" type="jump" coverage="100%" />
                  </conditions>
                </line>
                <line number="132" hits="21" branch="False" />
                <line number="133" hits="21" branch="False" />
                <line number="135" hits="21" branch="False" />
                <line number="138" hits="25" branch="True" condition-coverage="100% (2/2)">
                  <conditions>
                    <condition number="165" type="jump" coverage="100%" />
                  </conditions>
                </line>
                <line number="140" hits="1" branch="False" />
                <line number="141" hits="1" branch="False" />
                <line number="143" hits="24" branch="True" condition-coverage="50% (1/2)">
                  <conditions>
                    <condition number="184" type="jump" coverage="50%" />
                  </conditions>
                </line>
                <line number="145" hits="0" branch="False" />
                <line number="146" hits="0" branch="False" />
                <line number="148" hits="24" branch="True" condition-coverage="50% (1/2)">
                  <conditions>
                    <condition number="203" type="jump" coverage="50%" />
                  </conditions>
                </line>
                <line number="150" hits="0" branch="False" />
                <line number="151" hits="0" branch="False" />
                <line number="155" hits="100" branch="True" condition-coverage="100% (2/2)">
                  <conditions>
                    <condition number="215" type="jump" coverage="100%" />
                  </conditions>
                </line>
                <line number="156" hits="34" branch="False" />
              </lines>
            </method>
            <method name="ApplyRateLimit" signature="(System.Double)" line-rate="0.8332999999999999" branch-rate="0.75" complexity="4">
              <lines>
                <line number="160" hits="25" branch="True" condition-coverage="50% (1/2)">
                  <conditions>
                    <condition number="19" type="jump" coverage="50%" />
                  </conditions>
                </line>
                <line number="162" hits="0" branch="False" />
                <line number="165" hits="25" branch="False" />
                <line number="166" hits="25" branch="True" condition-coverage="100% (2/2)">
                  <conditions>
                    <condition number="52" type="jump" coverage="100%" />
                  </conditions>
                </line>
                <line number="168" hits="4" branch="False" />
                <line number="170" hits="25" branch="False" />
              </lines>
            </method>
            <method name="Clamp" signature="(System.Double,System.Double,System.Double)" line-rate="1" branch-rate="1" complexity="4">
              <lines>
                <line number="177" hits="29" branch="True" condition-coverage="100% (2/2)">
                  <conditions>
                    <condition number="2" type="jump" coverage="100%" />
                  </conditions>
                </line>
                <line number="178" hits="23" branch="True" condition-coverage="100% (2/2)">
                  <conditions>
                    <condition number="8" type="jump" coverage="100%" />
                  </conditions>
                </line>
                <line number="179" hits="19" branch="False" />
              </lines>
            </method>
          </methods>
          <lines>
            <line number="5" hits="372" branch="False" />
            <line number="6" hits="155" branch="False" />
            <line number="8" hits="63" branch="False" />
            <line number="9" hits="63" branch="False" />
            <line number="10" hits="66" branch="False" />
            <line number="11" hits="72" branch="False" />
            <line number="12" hits="76" branch="False" />
            <line number="14" hits="0" branch="False" />
            <line number="15" hits="0" branch="False" />
            <line number="16" hits="0" branch="False" />
            <line number="22" hits="44" branch="False" />
            <line number="23" hits="43" branch="False" />
            <line number="24" hits="43" branch="False" />
            <line number="26" hits="1" branch="False" />
            <line number="28" hits="1" branch="False" />
            <line number="29" hits="1" branch="False" />
            <line number="30" hits="1" branch="False" />
            <line number="31" hits="1" branch="False" />
            <line number="33" hits="44" branch="False" />
            <line number="37" hits="44" branch="True" condition-coverage="100% (2/2)">
              <conditions>
                <condition number="6" type="jump" coverage="100%" />
              </conditions>
            </line>
            <line number="39" hits="3" branch="False" />
            <line number="40" hits="3" branch="False" />
            <line number="43" hits="41" branch="True" condition-coverage="100% (2/2)">
              <conditions>
                <condition number="37" type="jump" coverage="100%" />
              </conditions>
            </line>
            <line number="45" hits="1" branch="False" />
            <line number="46" hits="1" branch="False" />
            <line number="49" hits="40" branch="False" />
            <line number="50" hits="40" branch="True" condition-coverage="100% (2/2)">
              <conditions>
                <condition number="93" type="jump" coverage="100%" />
              </conditions>
            </line>
            <line number="52" hits="2" branch="False" />
            <line number="53" hits="2" branch="False" />
            <line number="56" hits="38" branch="True" condition-coverage="100% (4/4)">
              <conditions>
                <condition number="124" type="jump" coverage="100%" />
                <condition number="133" type="jump" coverage="100%" />
              </conditions>
            </line>
            <line number="58" hits="1" branch="False" />
            <line number="59" hits="1" branch="False" />
            <line number="62" hits="37" branch="True" condition-coverage="100% (2/2)">
              <conditions>
                <condition number="170" type="jump" coverage="100%" />
              </conditions>
            </line>
            <line number="64" hits="3" branch="True" condition-coverage="100% (2/2)">
              <conditions>
                <condition number="179" type="jump" coverage="100%" />
              </conditions>
            </line>
            <line number="66" hits="3" branch="False" />
            <line number="68" hits="3" branch="False" />
            <line number="71" hits="34" branch="True" condition-coverage="100% (4/4)">
              <conditions>
                <condition number="216" type="jump" coverage="100%" />
                <condition number="230" type="jump" coverage="100%" />
              </conditions>
            </line>
            <line number="73" hits="1" branch="False" />
            <line number="76" hits="34" branch="False" />
            <line number="78" hits="34" branch="True" condition-coverage="100% (6/6)">
              <conditions>
                <condition number="252" type="jump" coverage="100%" />
                <condition number="261" type="jump" coverage="100%" />
                <condition number="270" type="jump" coverage="100%" />
              </conditions>
            </line>
            <line number="80" hits="8" branch="False" />
            <line number="83" hits="26" branch="False" />
            <line number="84" hits="25" branch="False" />
            <line number="85" hits="25" branch="False" />
            <line number="87" hits="25" branch="False" />
            <line number="95" hits="100" branch="False" />
            <line number="96" hits="100" branch="True" condition-coverage="100% (5/5)">
              <conditions>
                <condition number="10" type="switch" coverage="100%" />
              </conditions>
            </line>
            <line number="99" hits="27" branch="True" condition-coverage="100% (2/2)">
              <conditions>
                <condition number="42" type="jump" coverage="100%" />
              </conditions>
            </line>
            <line number="101" hits="23" branch="False" />
            <line number="102" hits="23" branch="False" />
            <line number="104" hits="23" branch="False" />
            <line number="107" hits="24" branch="True" condition-coverage="50% (1/2)">
              <conditions>
                <condition number="67" type="jump" coverage="50%" />
              </conditions>
            </line>
            <line number="109" hits="0" branch="False" />
            <line number="110" hits="0" branch="False" />
            <line number="112" hits="24" branch="True" condition-coverage="100% (2/2)">
              <conditions>
                <condition number="89" type="jump" coverage="100%" />
              </conditions>
            </line>
            <line number="114" hits="21" branch="False" />
            <line number="115" hits="21" branch="False" />
            <line number="117" hits="21" branch="False" />
            <line number="120" hits="23" branch="True" condition-coverage="50% (1/2)">
              <conditions>
                <condition number="108" type="jump" coverage="50%" />
              </conditions>
            </line>
            <line number="122" hits="0" branch="False" />
            <line number="123" hits="0" branch="False" />
[...]
              </lines>
            </method>
            <method name="get_MeanError" signature="()" line-rate="1" branch-rate="1" complexity="1">
              <lines>
                <line number="14" hits="11" branch="False" />
              </lines>
            </method>
            <method name="get_AboveGradeCount" signature="()" line-rate="1" branch-rate="1" complexity="1">
              <lines>
                <line number="16" hits="12" branch="False" />
              </lines>
            </method>
            <method name="get_OnGradeCount" signature="()" line-rate="1" branch-rate="1" complexity="1">
              <lines>
                <line number="17" hits="12" branch="False" />
              </lines>
            </method>
            <method name="get_BelowGradeCount" signature="()" line-rate="1" branch-rate="1" complexity="1">
              <lines>
                <line number="18" hits="12" branch="False" />
              </lines>
            </method>
            <method name="get_WorstOvercut" signature="()" line-rate="1" branch-rate="1" complexity="1">
              <lines>
                <line number="20" hits="10" branch="False" />
              </lines>
            </method>
            <method name="get_WorstAboveGrade" signature="()" line-rate="1" branch-rate="1" complexity="1">
              <lines>
                <line number="21" hits="10" branch="False" />
              </lines>
            </method>
            <method name="get_SampleResults" signature="()" line-rate="1" branch-rate="1" complexity="1">
              <lines>
                <line number="23" hits="16" branch="False" />
              </lines>
            </method>
            <method name="get_InvalidRowMessages" signature="()" line-rate="1" branch-rate="1" complexity="1">
              <lines>
                <line number="24" hits="14" branch="False" />
              </lines>
            </method>
            <method name="Build" signature="(System.Collections.Generic.IEnumerable`1&lt;GradeAssist.Replay.ReplaySampleResult&gt;,System.Int32,System.Collections.Generic.IEnumerable`1&lt;System.String&gt;,System.Double)" line-rate="1" branch-rate="1" complexity="16">
              <lines>
                <line number="28" hits="5" branch="False" />
                <line number="29" hits="5" branch="False" />
                <line number="30" hits="5" branch="False" />
                <line number="32" hits="5" branch="True" condition-coverage="100% (2/2)">
                  <conditions>
                    <condition number="19" type="jump" coverage="100%" />
                  </conditions>
                </line>
                <line number="34" hits="1" branch="False" />
                <line number="35" hits="1" branch="False" />
                <line number="36" hits="1" branch="False" />
                <line number="37" hits="1" branch="False" />
                <line number="38" hits="1" branch="False" />
                <line number="39" hits="1" branch="False" />
                <line number="40" hits="1" branch="False" />
                <line number="41" hits="1" branch="False" />
                <line number="42" hits="1" branch="False" />
                <line number="43" hits="1" branch="False" />
                <line number="44" hits="1" branch="False" />
                <line number="45" hits="1" branch="False" />
                <line number="46" hits="1" branch="False" />
                <line number="47" hits="1" branch="False" />
                <line number="48" hits="1" branch="False" />
                <line number="49" hits="1" branch="False" />
                <line number="50" hits="1" branch="False" />
                <line number="53" hits="4" branch="False" />
                <line number="54" hits="4" branch="False" />
                <line number="55" hits="4" branch="False" />
                <line number="56" hits="4" branch="False" />
                <line number="57" hits="4" branch="False" />
                <line number="58" hits="4" branch="False" />
                <line number="59" hits="4" branch="False" />
                <line number="60" hits="4" branch="False" />
                <line number="62" hits="28" branch="True" condition-coverage="100% (2/2)">
                  <conditions>
                    <condition number="378" type="jump" coverage="100%" />
                  </conditions>
                </line>
                <line number="64" hits="10" branch="False" />
                <line number="65" hits="14" branch="True" condition-coverage="100% (2/2)">
                  <conditions>
                    <condition number="267" type="jump" coverage="100%" />
                  </conditions>
                </line>
                <line number="66" hits="20" branch="True" condition-coverage="100% (2/2)">
                  <conditions>
                    <condition number="276" type="jump" coverage="100%" />
                  </conditions>
                </line>
                <line number="67" hits="10" branch="False" />
                <line number="69" hits="10" branch="True" condition-coverage="100% (4/4)">
                  <conditions>
                    <condition number="300" type="switch" coverage="100%" />
                  </conditions>
                </line>
                <line number="72" hits="3" branch="False" />
                <line number="73" hits="6" branch="True" condition-coverage="100% (2/2)">
                  <conditions>
                    <condition number="329" type="jump" coverage="100%" />
                  </conditions>
                </line>
                <line number="74" hits="3" branch="False" />
                <line number="76" hits="4" branch="False" />
                <line number="77" hits="4" branch="False" />
                <line number="79" hits="3" branch="False" />
                <line number="80" hits="6" branch="True" condition-coverage="100% (2/2)">
                  <conditions>
                    <condition number="365" type="jump" coverage="100%" />
                  </conditions>
                </line>
                <line number="85" hits="4" branch="False" />
                <line number="86" hits="4" branch="False" />
                <line number="87" hits="4" branch="False" />
                <line number="88" hits="4" branch="False" />
                <line number="89" hits="4" branch="False" />
                <line number="90" hits="4" branch="False" />
                <line number="91" hits="4" branch="False" />
                <line number="92" hits="4" branch="False" />
                <line number="93" hits="4" branch="False" />
                <line number="94" hits="4" branch="False" />
                <line number="95" hits="4" branch="False" />
                <line number="96" hits="4" branch="False" />
                <line number="97" hits="4" branch="False" />
                <line number="98" hits="4" branch="False" />
                <line number="99" hits="4" branch="False" />
                <line number="100" hits="4" branch="False" />
                <line number="101" hits="4" branch="False" />
              </lines>
            </method>
          </methods>
          <lines>
            <line number="7" hits="13" branch="False" />
            <line number="8" hits="12" branch="False" />
            <line number="9" hits="9" branch="False" />
            <line number="10" hits="9" branch="False" />
            <line number="12" hits="11" branch="False" />
            <line number="13" hits="11" branch="False" />
            <line number="14" hits="11" branch="False" />
            <line number="16" hits="12" branch="False" />
            <line number="17" hits="12" branch="False" />
            <line number="18" hits="12" branch="False" />
            <line number="20" hits="10" branch="False" />
            <line number="21" hits="10" branch="False" />
            <line number="23" hits="16" branch="False" />
            <line number="24" hits="14" branch="False" />
            <line number="28" hits="5" branch="False" />
            <line number="29" hits="5" branch="False" />
            <line number="30" hits="5" branch="False" />
            <line number="32" hits="5" branch="True" condition-coverage="100% (2/2)">
              <conditions>
                <condition number="19" type="jump" coverage="100%" />
              </conditions>
            </line>
            <line number="34" hits="1" branch="False" />
            <line number="35" hits="1" branch="False" />
            <line number="36" hits="1" branch="False" />
            <line number="37" hits="1" branch="False" />
            <line number="38" hits="1" branch="False" />
            <line number="39" hits="1" branch="False" />
            <line number="40" hits="1" branch="False" />
            <line number="41" hits="1" branch="False" />
            <line number="42" hits="1" branch="False" />
            <line number="43" hits="1" branch="False" />
            <line number="44" hits="1" branch="False" />
            <line number="45" hits="1" branch="False" />
            <line number="46" hits="1" branch="False" />
            <line number="47" hits="1" branch="False" />
            <line number="48" hits="1" branch="False" />
            <line number="49" hits="1" branch="False" />
            <line number="50" hits="1" branch="False" />
            <line number="53" hits="4" branch="False" />
            <line number="54" hits="4" branch="False" />
            <line number="55" hits="4" branch="False" />
            <line number="56" hits="4" branch="False" />
            <line number="57" hits="4" branch="False" />
            <line number="58" hits="4" branch="False" />
            <line number="59" hits="4" branch="False" />
            <line number="60" hits="4" branch="False" />
            <line number="62" hits="28" branch="True" condition-coverage="100% (2/2)">
              <conditions>
                <condition number="378" type="jump" coverage="100%" />
              </conditions>
            </line>
            <line number="64" hits="10" branch="False" />
            <line number="65" hits="14" branch="True" condition-coverage="100% (2/2)">
              <conditions>
                <condition number="267" type="jump" coverage="100%" />
              </conditions>
            </line>
            <line number="66" hits="20" branch="True" condition-coverage="100% (2/2)">
              <conditions>
                <condition number="276" type="jump" coverage="100%" />
              </conditions>
            </line>
            <line number="67" hits="10" branch="False" />
            <line number="69" hits="10" branch="True" condition-coverage="100% (4/4)">
              <conditions>
                <condition number="300" type="switch" coverage="100%" />
              </conditions>
            </line>
            <line number="72" hits="3" branch="False" />
            <line number="73" hits="6" branch="True" condition-coverage="100% (2/2)">
              <conditions>
                <condition number="329" type="jump" coverage="100%" />
              </conditions>
            </line>
            <line number="74" hits="3" branch="False" />
            <line number="76" hits="4" branch="False" />
            <line number="77" hits="4" branch="False" />
            <line number="79" hits="3" branch="False" />
            <line number="80" hits="6" branch="True" condition-coverage="100% (2/2)">
              <conditions>
                <condition number="365" type="jump" coverage="100%" />
              </conditions>
            </line>
            <line number="85" hits="4" branch="False" />
            <line number="86" hits="4" branch="False" />
            <line number="87" hits="4" branch="False" />
            <line number="88" hits="4" branch="False" />
            <line number="89" hits="4" branch="False" />
            <line number="90" hits="4" branch="False" />
            <line number="91" hits="4" branch="False" />
            <line number="92" hits="4" branch="False" />
            <line number="93" hits="4" branch="False" />
            <line number="94" hits="4" branch="False" />
            <line number="95" hits="4" branch="False" />
            <line number="96" hits="4" branch="False" />
            <line number="97" hits="4" branch="False" />
            <line number="98" hits="4" branch="False" />
            <line number="99" hits="4" branch="False" />
            <line number="100" hits="4" branch="False" />
            <line number="101" hits="4" branch="False" />
          </lines>
        </class>
        <class name="GradeAssist.Replay.ReplaySampleResult" filename="GradeAssist.Replay\ReplaySampleResult.cs" line-rate="1" branch-rate="1" complexity="4">
          <methods>
            <method name="get_Sample" signature="()" line-rate="1" branch-rate="1" complexity="1">
              <lines>
                <line number="6" hits="8" branch="False" />
              </lines>
            </method>
            <method name="get_TargetY" signature="()" line-rate="1" branch-rate="1" complexity="1">
              <lines>
                <line number="7" hits="6" branch="False" />
              </lines>
            </method>
            <method name="get_ErrorMeters" signature="()" line-rate="1" branch-rate="1" complexity="1">
              <lines>
                <line number="8" hits="16" branch="False" />
              </lines>
            </method>
            <method name="get_Status" signature="()" line-rate="1" branch-rate="1" complexity="1">
              <lines>
                <line number="9" hits="15" branch="False" />
              </lines>
            </method>
          </methods>
          <lines>
            <line number="6" hits="8" branch="False" />
            <line number="7" hits="6" branch="False" />
            <line number="8" hits="16" branch="False" />
            <line number="9" hits="15" branch="False" />
          </lines>
        </class>
        <class name="GradeAssist.Replay.TelemetryReplayEngine" filename="GradeAssist.Replay\TelemetryReplayEngine.cs" line-rate="1" branch-rate="0.8332999999999999" complexity="7">
          <methods>
            <method name="ProcessSample" signature="(GradeAssist.Replay.TelemetrySample)" line-rate="1" branch-rate="1" complexity="1">
              <lines>
                <line number="16" hits="14" branch="False" />
                <line number="17" hits="14" branch="False" />
                <line number="18" hits="14" branch="False" />
              </lines>
            </method>
            <method name="Run" signature="(System.Collections.Generic.IReadOnlyList`1&lt;GradeAssist.Replay.TelemetrySample&gt;)" line-rate="1" branch-rate="1" complexity="4">
              <lines>
                <line number="23" hits="4" branch="False" />
                <line number="24" hits="26" branch="True" condition-coverage="100% (2/2)">
                  <conditions>
                    <condition number="47" type="jump" coverage="100%" />
                  </conditions>
                </line>
                <line number="26" hits="9" branch="False" />
                <line number="29" hits="4" branch="True" condition-coverage="100% (2/2)">
                  <conditions>
                    <condition number="68" type="jump" coverage="100%" />
                  </conditions>
                </line>
                <line number="30" hits="4" branch="False" />
              </lines>
            </method>
            <method name=".ctor" signature="(GradeAssist.Core.GradePlane)" line-rate="1" branch-rate="0.5" complexity="2">
              <lines>
                <line number="9" hits="9" branch="False" />
                <line number="11" hits="9" branch="True" condition-coverage="50% (1/2)">
                  <conditions>
                    <condition number="9" type="jump" coverage="50%" />
                  </conditions>
                </line>
                <line number="12" hits="9" branch="False" />
              </lines>
            </method>
          </methods>
          <lines>
            <line number="16" hits="14" branch="False" />
            <line number="17" hits="14" branch="False" />
            <line number="18" hits="14" branch="False" />
            <line number="23" hits="4" branch="False" />
            <line number="24" hits="26" branch="True" condition-coverage="100% (2/2)">
              <conditions>
                <condition number="47" type="jump" coverage="100%" />
              </conditions>
            </line>
            <line number="26" hits="9" branch="False" />
            <line number="29" hits="4" branch="True" condition-coverage="100% (2/2)">
              <conditions>
                <condition number="68" type="jump" coverage="100%" />
              </conditions>
            </line>
            <line number="30" hits="4" branch="False" />
            <line number="9" hits="9" branch="False" />
            <line number="11" hits="9" branch="True" condition-coverage="50% (1/2)">
              <conditions>
                <condition number="9" type="jump" coverage="50%" />
              </conditions>
            </line>
            <line number="12" hits="9" branch="False" />
          </lines>
        </class>
        <class name="GradeAssist.Replay.TelemetrySample" filename="GradeAssist.Replay\TelemetrySample.cs" line-rate="1" branch-rate="1" complexity="8">
          <methods>
            <method name="get_TimeSeconds" signature="()" line-rate="1" branch-rate="1" complexity="1">
              <lines>
                <line number="4" hits="10" branch="False" />
              </lines>
            </method>
            <method name="get_BucketX" signature="()" line-rate="1" branch-rate="1" complexity="1">
              <lines>
                <line number="5" hits="22" branch="False" />
              </lines>
            </method>
            <method name="get_BucketY" signature="()" line-rate="1" branch-rate="1" complexity="1">
              <lines>
                <line number="6" hits="22" branch="False" />
              </lines>
            </method>
            <method name="get_BucketZ" signature="()" line-rate="1" branch-rate="1" complexity="1">
              <lines>
                <line number="7" hits="22" branch="False" />
              </lines>
            </method>
            <method name="get_BoomAngle" signature="()" line-rate="1" branch-rate="1" complexity="1">
              <lines>
                <line number="8" hits="1" branch="False" />
              </lines>
            </method>
            <method name="get_StickAngle" signature="()" line-rate="1" branch-rate="1" complexity="1">
              <lines>
                <line number="9" hits="1" branch="False" />
              </lines>
            </method>
            <method name="get_BucketAngle" signature="()" line-rate="1" branch-rate="1" complexity="1">
              <lines>
                <line number="10" hits="1" branch="False" />
              </lines>
            </method>
            <method name="get_SwingAngle" signature="()" line-rate="1" branch-rate="1" complexity="1">
              <lines>
                <line number="11" hits="1" branch="False" />
              </lines>
            </method>
          </methods>
          <lines>
            <line number="4" hits="10" branch="False" />
            <line number="5" hits="22" branch="False" />
            <line number="6" hits="22" branch="False" />
            <line number="7" hits="22" branch="False" />
            <line number="8" hits="1" branch="False" />
            <line number="9" hits="1" branch="False" />
            <line number="10" hits="1" branch="False" />
            <line number="11" hits="1" branch="False" />
          </lines>
        </class>
      </classes>
    </package>
  </packages>
</coverage>